# JRE version: OpenJDK Runtime Environment GraalVM CE 22.3.0 (17.0.5+8) (build 17.0.5+8-jvmci-22.3-b08)
# Java VM: OpenJDK 64-Bit Server VM GraalVM CE 22.3.0 (17.0.5+8-jvmci-22.3-b08, mixed mode, sharing, tiered, jvmci, jvmci compiler, compressed oops, compressed class ptrs, parallel gc, linux-amd64)
GC Precious Log:
 CPUs: 8 total, 1 available
 Memory: 1024M
 Large Page Support: Disabled
 NUMA Support: Disabled
 Compressed Oops: Enabled (32-bit)
 Alignments: Space 512K, Generation 512K, Heap 2M
 Heap Min Capacity: 100M
 Heap Initial Capacity: 100M
 Heap Max Capacity: 512M
 Pre-touch: Disabled
 Parallel Workers: 1
Heap:
 PSYoungGen      total 30720K, used 22528K [0x00000000f5580000, 0x00000000f7e80000, 0x0000000100000000)
  eden space 22528K, 100% used [0x00000000f5580000,0x00000000f6b80000,0x00000000f6b80000)
  from space 8192K, 0% used [0x00000000f7680000,0x00000000f7680000,0x00000000f7e80000)
  to   space 8192K, 0% used [0x00000000f6b80000,0x00000000f6b80000,0x00000000f7380000)
 ParOldGen       total 349696K, used 349695K [0x00000000e0000000, 0x00000000f5580000, 0x00000000f5580000)
  object space 349696K, 99% used [0x00000000e0000000,0x00000000f557ff08,0x00000000f5580000)
 Metaspace       used 61908K, committed 62784K, reserved 1105920K
  class space    used 5908K, committed 6272K, reserved 1048576K
GC Heap History (20 events):
Event: 1811.361 GC heap before
{Heap before GC invocations=1376 (full 1244):
 PSYoungGen      total 30720K, used 22527K [0x00000000f5580000, 0x00000000f7e80000, 0x0000000100000000)
  eden space 22528K, 99% used [0x00000000f5580000,0x00000000f6b7fff8,0x00000000f6b80000)
  from space 8192K, 0% used [0x00000000f7680000,0x00000000f7680000,0x00000000f7e80000)
  to   space 8192K, 0% used [0x00000000f6b80000,0x00000000f6b80000,0x00000000f7380000)
 ParOldGen       total 349696K, used 349693K [0x00000000e0000000, 0x00000000f5580000, 0x00000000f5580000)
  object space 349696K, 99% used [0x00000000e0000000,0x00000000f557f520,0x00000000f5580000)
 Metaspace       used 61904K, committed 62784K, reserved 1105920K
  class space    used 5907K, committed 6272K, reserved 1048576K
}
Event: 1812.642 GC heap after
{Heap after GC invocations=1376 (full 1244):
 PSYoungGen      total 30720K, used 22527K [0x00000000f5580000, 0x00000000f7e80000, 0x0000000100000000)
  eden space 22528K, 99% used [0x00000000f5580000,0x00000000f6b7ffe8,0x00000000f6b80000)
  from space 8192K, 0% used [0x00000000f6b80000,0x00000000f6b80000,0x00000000f7380000)
  to   space 8192K, 0% used [0x00000000f7680000,0x00000000f7680000,0x00000000f7e80000)
 ParOldGen       total 349696K, used 349693K [0x00000000e0000000, 0x00000000f5580000, 0x00000000f5580000)
  object space 349696K, 99% used [0x00000000e0000000,0x00000000f557f520,0x00000000f5580000)
 Metaspace       used 61904K, committed 62784K, reserved 1105920K
  class space    used 5907K, committed 6272K, reserved 1048576K
}
Event: 1812.643 GC heap before
{Heap before GC invocations=1377 (full 1245):
 PSYoungGen      total 30720K, used 22528K [0x00000000f5580000, 0x00000000f7e80000, 0x0000000100000000)
  eden space 22528K, 100% used [0x00000000f5580000,0x00000000f6b80000,0x00000000f6b80000)
  from space 8192K, 0% used [0x00000000f6b80000,0x00000000f6b80000,0x00000000f7380000)
  to   space 8192K, 0% used [0x00000000f7680000,0x00000000f7680000,0x00000000f7e80000)
 ParOldGen       total 349696K, used 349693K [0x00000000e0000000, 0x00000000f5580000, 0x00000000f5580000)
  object space 349696K, 99% used [0x00000000e0000000,0x00000000f557f520,0x00000000f5580000)
 Metaspace       used 61904K, committed 62784K, reserved 1105920K
  class space    used 5907K, committed 6272K, reserved 1048576K
}
Event: 1813.777 GC heap after
{Heap after GC invocations=1377 (full 1245):
 PSYoungGen      total 30720K, used 22528K [0x00000000f5580000, 0x00000000f7e80000, 0x0000000100000000)
  eden space 22528K, 100% used [0x00000000f5580000,0x00000000f6b80000,0x00000000f6b80000)
  from space 8192K, 0% used [0x00000000f7680000,0x00000000f7680000,0x00000000f7e80000)
  to   space 8192K, 0% used [0x00000000f6b80000,0x00000000f6b80000,0x00000000f7380000)
 ParOldGen       total 349696K, used 349693K [0x00000000e0000000, 0x00000000f5580000, 0x00000000f5580000)
  object space 349696K, 99% used [0x00000000e0000000,0x00000000f557f500,0x00000000f5580000)
 Metaspace       used 61904K, committed 62784K, reserved 1105920K
  class space    used 5907K, committed 6272K, reserved 1048576K
}
Event: 1813.778 GC heap before
{Heap before GC invocations=1378 (full 1246):
 PSYoungGen      total 30720K, used 22528K [0x00000000f5580000, 0x00000000f7e80000, 0x0000000100000000)
  eden space 22528K, 100% used [0x00000000f5580000,0x00000000f6b80000,0x00000000f6b80000)
  from space 8192K, 0% used [0x00000000f7680000,0x00000000f7680000,0x00000000f7e80000)
  to   space 8192K, 0% used [0x00000000f6b80000,0x00000000f6b80000,0x00000000f7380000)
 ParOldGen       total 349696K, used 349695K [0x00000000e0000000, 0x00000000f5580000, 0x00000000f5580000)
  object space 349696K, 99% used [0x00000000e0000000,0x00000000f557ff70,0x00000000f5580000)
 Metaspace       used 61904K, committed 62784K, reserved 1105920K
  class space    used 5907K, committed 6272K, reserved 1048576K
}
Event: 1815.051 GC heap after
{Heap after GC invocations=1378 (full 1246):
 PSYoungGen      total 30720K, used 22528K [0x00000000f5580000, 0x00000000f7e80000, 0x0000000100000000)
  eden space 22528K, 100% used [0x00000000f5580000,0x00000000f6b80000,0x00000000f6b80000)
  from space 8192K, 0% used [0x00000000f6b80000,0x00000000f6b80000,0x00000000f7380000)
  to   space 8192K, 0% used [0x00000000f7680000,0x00000000f7680000,0x00000000f7e80000)
 ParOldGen       total 349696K, used 349695K [0x00000000e0000000, 0x00000000f5580000, 0x00000000f5580000)
  object space 349696K, 99% used [0x00000000e0000000,0x00000000f557fcc8,0x00000000f5580000)
 Metaspace       used 61904K, committed 62784K, reserved 1105920K
  class space    used 5907K, committed 6272K, reserved 1048576K
}
Event: 1815.051 GC heap before
{Heap before GC invocations=1379 (full 1247):
 PSYoungGen      total 30720K, used 22528K [0x00000000f5580000, 0x00000000f7e80000, 0x0000000100000000)
  eden space 22528K, 100% used [0x00000000f5580000,0x00000000f6b80000,0x00000000f6b80000)
  from space 8192K, 0% used [0x00000000f6b80000,0x00000000f6b80000,0x00000000f7380000)
  to   space 8192K, 0% used [0x00000000f7680000,0x00000000f7680000,0x00000000f7e80000)
 ParOldGen       total 349696K, used 349695K [0x00000000e0000000, 0x00000000f5580000, 0x00000000f5580000)
  object space 349696K, 99% used [0x00000000e0000000,0x00000000f557fcc8,0x00000000f5580000)
 Metaspace       used 61904K, committed 62784K, reserved 1105920K
  class space    used 5907K, committed 6272K, reserved 1048576K
}
Event: 1816.459 GC heap after
{Heap after GC invocations=1379 (full 1247):
 PSYoungGen      total 30720K, used 22528K [0x00000000f5580000, 0x00000000f7e80000, 0x0000000100000000)
  eden space 22528K, 100% used [0x00000000f5580000,0x00000000f6b80000,0x00000000f6b80000)
  from space 8192K, 0% used [0x00000000f7680000,0x00000000f7680000,0x00000000f7e80000)
  to   space 8192K, 0% used [0x00000000f6b80000,0x00000000f6b80000,0x00000000f7380000)
 ParOldGen       total 349696K, used 349695K [0x00000000e0000000, 0x00000000f5580000, 0x00000000f5580000)
  object space 349696K, 99% used [0x00000000e0000000,0x00000000f557fcc8,0x00000000f5580000)
 Metaspace       used 61904K, committed 62784K, reserved 1105920K
  class space    used 5907K, committed 6272K, reserved 1048576K
}
Event: 1816.463 GC heap before
{Heap before GC invocations=1380 (full 1248):
 PSYoungGen      total 30720K, used 22528K [0x00000000f5580000, 0x00000000f7e80000, 0x0000000100000000)
  eden space 22528K, 100% used [0x00000000f5580000,0x00000000f6b80000,0x00000000f6b80000)
  from space 8192K, 0% used [0x00000000f7680000,0x00000000f7680000,0x00000000f7e80000)
  to   space 8192K, 0% used [0x00000000f6b80000,0x00000000f6b80000,0x00000000f7380000)
 ParOldGen       total 349696K, used 349695K [0x00000000e0000000, 0x00000000f5580000, 0x00000000f5580000)
  object space 349696K, 99% used [0x00000000e0000000,0x00000000f557fea8,0x00000000f5580000)
 Metaspace       used 61908K, committed 62784K, reserved 1105920K
  class space    used 5908K, committed 6272K, reserved 1048576K
}
Event: 1817.869 GC heap after
{Heap after GC invocations=1380 (full 1248):
 PSYoungGen      total 30720K, used 22527K [0x00000000f5580000, 0x00000000f7e80000, 0x0000000100000000)
  eden space 22528K, 99% used [0x00000000f5580000,0x00000000f6b7ff50,0x00000000f6b80000)
  from space 8192K, 0% used [0x00000000f6b80000,0x00000000f6b80000,0x00000000f7380000)
  to   space 8192K, 0% used [0x00000000f7680000,0x00000000f7680000,0x00000000f7e80000)
 ParOldGen       total 349696K, used 349694K [0x00000000e0000000, 0x00000000f5580000, 0x00000000f5580000)
  object space 349696K, 99% used [0x00000000e0000000,0x00000000f557f918,0x00000000f5580000)
 Metaspace       used 61908K, committed 62784K, reserved 1105920K
  class space    used 5908K, committed 6272K, reserved 1048576K
}
Event: 1817.871 GC heap before
{Heap before GC invocations=1381 (full 1249):
 PSYoungGen      total 30720K, used 22527K [0x00000000f5580000, 0x00000000f7e80000, 0x0000000100000000)
  eden space 22528K, 99% used [0x00000000f5580000,0x00000000f6b7ffe0,0x00000000f6b80000)
  from space 8192K, 0% used [0x00000000f6b80000,0x00000000f6b80000,0x00000000f7380000)
  to   space 8192K, 0% used [0x00000000f7680000,0x00000000f7680000,0x00000000f7e80000)
 ParOldGen       total 349696K, used 349694K [0x00000000e0000000, 0x00000000f5580000, 0x00000000f5580000)
  object space 349696K, 99% used [0x00000000e0000000,0x00000000f557f918,0x00000000f5580000)
 Metaspace       used 61908K, committed 62784K, reserved 1105920K
  class space    used 5908K, committed 6272K, reserved 1048576K
}
Event: 1819.180 GC heap after
{Heap after GC invocations=1381 (full 1249):
 PSYoungGen      total 30720K, used 22527K [0x00000000f5580000, 0x00000000f7e80000, 0x0000000100000000)
  eden space 22528K, 99% used [0x00000000f5580000,0x00000000f6b7ff88,0x00000000f6b80000)
  from space 8192K, 0% used [0x00000000f7680000,0x00000000f7680000,0x00000000f7e80000)
  to   space 8192K, 0% used [0x00000000f6b80000,0x00000000f6b80000,0x00000000f7380000)
 ParOldGen       total 349696K, used 349694K [0x00000000e0000000, 0x00000000f5580000, 0x00000000f5580000)
  object space 349696K, 99% used [0x00000000e0000000,0x00000000f557f918,0x00000000f5580000)
 Metaspace       used 61908K, committed 62784K, reserved 1105920K
  class space    used 5908K, committed 6272K, reserved 1048576K
}
Event: 1819.180 GC heap before
{Heap before GC invocations=1382 (full 1250):
 PSYoungGen      total 30720K, used 22528K [0x00000000f5580000, 0x00000000f7e80000, 0x0000000100000000)
  eden space 22528K, 100% used [0x00000000f5580000,0x00000000f6b80000,0x00000000f6b80000)
  from space 8192K, 0% used [0x00000000f7680000,0x00000000f7680000,0x00000000f7e80000)
  to   space 8192K, 0% used [0x00000000f6b80000,0x00000000f6b80000,0x00000000f7380000)
 ParOldGen       total 349696K, used 349694K [0x00000000e0000000, 0x00000000f5580000, 0x00000000f5580000)
  object space 349696K, 99% used [0x00000000e0000000,0x00000000f557f918,0x00000000f5580000)
 Metaspace       used 61908K, committed 62784K, reserved 1105920K
  class space    used 5908K, committed 6272K, reserved 1048576K
}
Event: 1820.567 GC heap after
{Heap after GC invocations=1382 (full 1250):
 PSYoungGen      total 30720K, used 22527K [0x00000000f5580000, 0x00000000f7e80000, 0x0000000100000000)
  eden space 22528K, 99% used [0x00000000f5580000,0x00000000f6b7ffa0,0x00000000f6b80000)
  from space 8192K, 0% used [0x00000000f6b80000,0x00000000f6b80000,0x00000000f7380000)
  to   space 8192K, 0% used [0x00000000f7680000,0x00000000f7680000,0x00000000f7e80000)
 ParOldGen       total 349696K, used 349694K [0x00000000e0000000, 0x00000000f5580000, 0x00000000f5580000)
  object space 349696K, 99% used [0x00000000e0000000,0x00000000f557f898,0x00000000f5580000)
 Metaspace       used 61908K, committed 62784K, reserved 1105920K
  class space    used 5908K, committed 6272K, reserved 1048576K
}
Event: 1820.567 GC heap before
{Heap before GC invocations=1383 (full 1251):
 PSYoungGen      total 30720K, used 22528K [0x00000000f5580000, 0x00000000f7e80000, 0x0000000100000000)
  eden space 22528K, 100% used [0x00000000f5580000,0x00000000f6b80000,0x00000000f6b80000)
  from space 8192K, 0% used [0x00000000f6b80000,0x00000000f6b80000,0x00000000f7380000)
  to   space 8192K, 0% used [0x00000000f7680000,0x00000000f7680000,0x00000000f7e80000)
 ParOldGen       total 349696K, used 349694K [0x00000000e0000000, 0x00000000f5580000, 0x00000000f5580000)
  object space 349696K, 99% used [0x00000000e0000000,0x00000000f557f898,0x00000000f5580000)
 Metaspace       used 61908K, committed 62784K, reserved 1105920K
  class space    used 5908K, committed 6272K, reserved 1048576K
}
Event: 1821.986 GC heap after
{Heap after GC invocations=1383 (full 1251):
 PSYoungGen      total 30720K, used 22527K [0x00000000f5580000, 0x00000000f7e80000, 0x0000000100000000)
  eden space 22528K, 99% used [0x00000000f5580000,0x00000000f6b7ffc0,0x00000000f6b80000)
  from space 8192K, 0% used [0x00000000f7680000,0x00000000f7680000,0x00000000f7e80000)
  to   space 8192K, 0% used [0x00000000f6b80000,0x00000000f6b80000,0x00000000f7380000)
 ParOldGen       total 349696K, used 349694K [0x00000000e0000000, 0x00000000f5580000, 0x00000000f5580000)
  object space 349696K, 99% used [0x00000000e0000000,0x00000000f557f898,0x00000000f5580000)
 Metaspace       used 61908K, committed 62784K, reserved 1105920K
  class space    used 5908K, committed 6272K, reserved 1048576K
}
Event: 1821.991 GC heap before
{Heap before GC invocations=1384 (full 1252):
 PSYoungGen      total 30720K, used 22527K [0x00000000f5580000, 0x00000000f7e80000, 0x0000000100000000)
  eden space 22528K, 99% used [0x00000000f5580000,0x00000000f6b7fff8,0x00000000f6b80000)
  from space 8192K, 0% used [0x00000000f7680000,0x00000000f7680000,0x00000000f7e80000)
  to   space 8192K, 0% used [0x00000000f6b80000,0x00000000f6b80000,0x00000000f7380000)
 ParOldGen       total 349696K, used 349694K [0x00000000e0000000, 0x00000000f5580000, 0x00000000f5580000)
  object space 349696K, 99% used [0x00000000e0000000,0x00000000f557f898,0x00000000f5580000)
 Metaspace       used 61908K, committed 62784K, reserved 1105920K
  class space    used 5908K, committed 6272K, reserved 1048576K
}
Event: 1823.584 GC heap after
{Heap after GC invocations=1384 (full 1252):
 PSYoungGen      total 30720K, used 22527K [0x00000000f5580000, 0x00000000f7e80000, 0x0000000100000000)
  eden space 22528K, 99% used [0x00000000f5580000,0x00000000f6b7fec0,0x00000000f6b80000)
  from space 8192K, 0% used [0x00000000f6b80000,0x00000000f6b80000,0x00000000f7380000)
  to   space 8192K, 0% used [0x00000000f7680000,0x00000000f7680000,0x00000000f7e80000)
 ParOldGen       total 349696K, used 349694K [0x00000000e0000000, 0x00000000f5580000, 0x00000000f5580000)
  object space 349696K, 99% used [0x00000000e0000000,0x00000000f557f880,0x00000000f5580000)
 Metaspace       used 61908K, committed 62784K, reserved 1105920K
  class space    used 5908K, committed 6272K, reserved 1048576K
}
Event: 1823.584 GC heap before
{Heap before GC invocations=1385 (full 1253):
 PSYoungGen      total 30720K, used 22527K [0x00000000f5580000, 0x00000000f7e80000, 0x0000000100000000)
  eden space 22528K, 99% used [0x00000000f5580000,0x00000000f6b7fec0,0x00000000f6b80000)
  from space 8192K, 0% used [0x00000000f6b80000,0x00000000f6b80000,0x00000000f7380000)
  to   space 8192K, 0% used [0x00000000f7680000,0x00000000f7680000,0x00000000f7e80000)
 ParOldGen       total 349696K, used 349694K [0x00000000e0000000, 0x00000000f5580000, 0x00000000f5580000)
  object space 349696K, 99% used [0x00000000e0000000,0x00000000f557f880,0x00000000f5580000)
 Metaspace       used 61908K, committed 62784K, reserved 1105920K
  class space    used 5908K, committed 6272K, reserved 1048576K
}
Event: 1824.998 GC heap after
{Heap after GC invocations=1385 (full 1253):
 PSYoungGen      total 30720K, used 22527K [0x00000000f5580000, 0x00000000f7e80000, 0x0000000100000000)
  eden space 22528K, 99% used [0x00000000f5580000,0x00000000f6b7fec0,0x00000000f6b80000)
  from space 8192K, 0% used [0x00000000f7680000,0x00000000f7680000,0x00000000f7e80000)
  to   space 8192K, 0% used [0x00000000f6b80000,0x00000000f6b80000,0x00000000f7380000)
 ParOldGen       total 349696K, used 349694K [0x00000000e0000000, 0x00000000f5580000, 0x00000000f5580000)
  object space 349696K, 99% used [0x00000000e0000000,0x00000000f557f880,0x00000000f5580000)
 Metaspace       used 61908K, committed 62784K, reserved 1105920K
  class space    used 5908K, committed 6272K, reserved 1048576K
}

